<?xml version="1.0" encoding="UTF-8"?>
<!-- Generated by org.testng.reporters.JUnitReportReporter -->
<testsuite hostname="Gowtham" failures="0" tests="5" name="com.runner.SimpleAnnotations" time="54.962" errors="0" timestamp="26 Jul 2024 02:46:32 GMT" skipped="0">
  <testcase classname="com.runner.SimpleAnnotations" name="searchProduct" time="2.065"/>
  <testcase classname="com.runner.SimpleAnnotations" name="selectProduct" time="15.461"/>
  <testcase classname="com.runner.SimpleAnnotations" name="login" time="4.576"/>
  <testcase classname="com.runner.SimpleAnnotations" name="paymentpage" time="10.917"/>
  <testcase classname="com.runner.SimpleAnnotations" name="frameInpp" time="21.943"/>
</testsuite> <!-- com.runner.SimpleAnnotations -->
